<?xml version="1.0" encoding="UTF-8"?>
<!-- Generated by org.testng.reporters.JUnitXMLReporter -->
<testsuite hostname="DESKTOP-PTINUE1" ignored="0" name="Default test" tests="4" failures="0" timestamp="2020-05-28T18:10:41 MDT" time="31.637" errors="0">
  <testcase name="logintosauceDemo" time="2.146" classname="com.test.SauceDemoTest"/>
  <testcase name="logintosauceDemo" time="0.657" classname="com.test.SauceDemoTest"/>
  <testcase name="logintosauceDemo" time="0.272" classname="com.test.SauceDemoTest"/>
  <testcase name="logintosauceDemo" time="0.566" classname="com.test.SauceDemoTest"/>
</testsuite> <!-- Default test -->
