<?xml version="1.0" encoding="UTF-8"?>
<!-- Generated by org.testng.reporters.JUnitXMLReporter -->
<testsuite hostname="DESKTOP-PTINUE1" ignored="0" name="Test" tests="2" failures="1" timestamp="2020-05-30T12:55:38 MDT" time="0.044" errors="0">
  <testcase name="test1" time="0.009" classname="com.class04.ListenerDemo"/>
  <testcase name="test1" time="0.024" classname="com.class04.ListenerDemo">
    <failure type="java.lang.NullPointerException">
      <![CDATA[java.lang.NullPointerException
at com.syntax.utils.CommonMethods.takesScreenshot(CommonMethods.java:196)
at com.syntax.utils.Listener.onTestSuccess(Listener.java:30)
at java.util.ArrayList.forEach(Unknown Source)
... Removed 24 stack frames]]>
    </failure>
  </testcase> <!-- test1 -->
</testsuite> <!-- Test -->
