<?xml version="1.0" encoding="UTF-8"?>
<!-- Generated by org.testng.reporters.JUnitXMLReporter -->
<testsuite hostname="DESKTOP-PTINUE1" ignored="0" name="Test" tests="10" failures="0" timestamp="2020-05-24T00:59:00 MDT" time="58.555" errors="0">
  <testcase name="AddEmployee" time="9.789" classname="com.class02.HRMSAddEmployee"/>
  <testcase name="DisplayFunction" time="0.093" classname="com.class02.HRMSAddEmployee"/>
  <testcase name="TitleValidation" time="0.004" classname="com.class02.AssertionDemo"/>
  <testcase name="logoValidation" time="0.034" classname="com.class02.AssertionDemo"/>
  <testcase name="firstMethod" time="0.001" classname="com.class02.HomeworkOnceki"/>
  <testcase name="firstMethod1" time="0.001" classname="com.class02.HomeworkOnceki"/>
  <testcase name="secondMethod" time="0.001" classname="com.class02.HomeworkOnceki"/>
  <testcase name="thirdMethod" time="0.001" classname="com.class02.HomeworkOnceki"/>
  <testcase name="fouthMethod" time="0.001" classname="com.class02.HomeworkOnceki"/>
  <testcase name="Logo" time="0.245" classname="com.class02.Task2"/>
</testsuite> <!-- Test -->
