<?xml version="1.0" encoding="UTF-8"?>
<testng-results skipped="0" failed="0" ignored="0" total="1" passed="1">
  <reporter-output>
  </reporter-output>
  <suite name="Suite" duration-ms="8579" started-at="2020-05-28T22:48:24 MDT" finished-at="2020-05-28T22:48:32 MDT">
    <groups>
    </groups>
    <test name="Test" duration-ms="8579" started-at="2020-05-28T22:48:24 MDT" finished-at="2020-05-28T22:48:32 MDT">
      <class name="com.review01.sauceParameterDemo">
        <test-method status="PASS" signature="setUp()[pri:0, instance:com.review01.sauceParameterDemo@27a5f880]" name="setUp" is-config="true" duration-ms="7269" started-at="2020-05-28T22:48:24 MDT" finished-at="2020-05-28T22:48:31 MDT">
          <reporter-output>
          </reporter-output>
        </test-method> <!-- setUp -->
        <test-method status="PASS" signature="logintosauceDemo(java.lang.String, java.lang.String)[pri:0, instance:com.review01.sauceParameterDemo@27a5f880]" name="logintosauceDemo" duration-ms="325" started-at="2020-05-28T22:48:31 MDT" finished-at="2020-05-28T22:48:31 MDT">
          <params>
            <param index="0">
              <value>
                <![CDATA[locked_out_user]]>
              </value>
            </param>
            <param index="1">
              <value>
                <![CDATA[secret_sauce]]>
              </value>
            </param>
          </params>
          <reporter-output>
          </reporter-output>
        </test-method> <!-- logintosauceDemo -->
        <test-method status="PASS" signature="tearDown()[pri:0, instance:com.review01.sauceParameterDemo@27a5f880]" name="tearDown" is-config="true" duration-ms="947" started-at="2020-05-28T22:48:31 MDT" finished-at="2020-05-28T22:48:32 MDT">
          <reporter-output>
          </reporter-output>
        </test-method> <!-- tearDown -->
      </class> <!-- com.review01.sauceParameterDemo -->
    </test> <!-- Test -->
  </suite> <!-- Suite -->
</testng-results>
